<?xml version="1.0" encoding="UTF-8"?>
<coverage generated="1670772435">
  <project timestamp="1670772435">
    <file name="C:\Users\Felipe\Documents\Projects\finance-control\app\Console\Kernel.php">
      <class name="App\Console\Kernel" namespace="global">
        <metrics complexity="2" methods="2" coveredmethods="1" conditionals="0" coveredconditionals="0" statements="3" coveredstatements="2" elements="5" coveredelements="3"/>
      </class>
      <line num="17" type="method" name="schedule" visibility="protected" complexity="1" crap="2" count="0"/>
      <line num="19" type="stmt" count="0"/>
      <line num="27" type="method" name="commands" visibility="protected" complexity="1" crap="1" count="406"/>
      <line num="29" type="stmt" count="406"/>
      <line num="31" type="stmt" count="406"/>
      <metrics loc="34" ncloc="23" classes="1" methods="2" coveredmethods="1" conditionals="0" coveredconditionals="0" statements="3" coveredstatements="2" elements="5" coveredelements="3"/>
    </file>
    <file name="C:\Users\Felipe\Documents\Projects\finance-control\app\Contracts\Eloquent\ShouldBelongsToSpaceInterface.php">
      <metrics loc="16" ncloc="11" classes="0" methods="0" coveredmethods="0" conditionals="0" coveredconditionals="0" statements="0" coveredstatements="0" elements="0" coveredelements="0"/>
    </file>
    <file name="C:\Users\Felipe\Documents\Projects\finance-control\app\Contracts\Http\Controllers\AuthControllerInterface.php">
      <metrics loc="33" ncloc="16" classes="0" methods="0" coveredmethods="0" conditionals="0" coveredconditionals="0" statements="0" coveredstatements="0" elements="0" coveredelements="0"/>
    </file>
    <file name="C:\Users\Felipe\Documents\Projects\finance-control\app\Contracts\Repositories\ActivityRepositoryInterface.php">
      <metrics loc="18" ncloc="12" classes="0" methods="0" coveredmethods="0" conditionals="0" coveredconditionals="0" statements="0" coveredstatements="0" elements="0" coveredelements="0"/>
    </file>
    <file name="C:\Users\Felipe\Documents\Projects\finance-control\app\Contracts\Repositories\BasicRepositoryInterface.php">
      <metrics loc="66" ncloc="24" classes="0" methods="0" coveredmethods="0" conditionals="0" coveredconditionals="0" statements="0" coveredstatements="0" elements="0" coveredelements="0"/>
    </file>
    <file name="C:\Users\Felipe\Documents\Projects\finance-control\app\Contracts\Repositories\CategoryRepositoryInterface.php">
      <metrics loc="18" ncloc="12" classes="0" methods="0" coveredmethods="0" conditionals="0" coveredconditionals="0" statements="0" coveredstatements="0" elements="0" coveredelements="0"/>
    </file>
    <file name="C:\Users\Felipe\Documents\Projects\finance-control\app\Contracts\Repositories\CurrencyRepositoryInterface.php">
      <metrics loc="17" ncloc="9" classes="0" methods="0" coveredmethods="0" conditionals="0" coveredconditionals="0" statements="0" coveredstatements="0" elements="0" coveredelements="0"/>
    </file>
    <file name="C:\Users\Felipe\Documents\Projects\finance-control\app\Contracts\Repositories\EarningRepositoryInterface.php">
      <metrics loc="27" ncloc="15" classes="0" methods="0" coveredmethods="0" conditionals="0" coveredconditionals="0" statements="0" coveredstatements="0" elements="0" coveredelements="0"/>
    </file>
    <file name="C:\Users\Felipe\Documents\Projects\finance-control\app\Contracts\Repositories\HasTagsRepositoryInterface.php">
      <metrics loc="18" ncloc="11" classes="0" methods="0" coveredmethods="0" conditionals="0" coveredconditionals="0" statements="0" coveredstatements="0" elements="0" coveredelements="0"/>
    </file>
    <file name="C:\Users\Felipe\Documents\Projects\finance-control\app\Contracts\Repositories\RecurringRepositoryInterface.php">
      <metrics loc="63" ncloc="25" classes="0" methods="0" coveredmethods="0" conditionals="0" coveredconditionals="0" statements="0" coveredstatements="0" elements="0" coveredelements="0"/>
    </file>
    <file name="C:\Users\Felipe\Documents\Projects\finance-control\app\Contracts\Repositories\SpaceRepositoryInterface.php">
      <metrics loc="18" ncloc="12" classes="0" methods="0" coveredmethods="0" conditionals="0" coveredconditionals="0" statements="0" coveredstatements="0" elements="0" coveredelements="0"/>
    </file>
    <file name="C:\Users\Felipe\Documents\Projects\finance-control\app\Contracts\Repositories\SpendingRepositoryInterface.php">
      <metrics loc="27" ncloc="15" classes="0" methods="0" coveredmethods="0" conditionals="0" coveredconditionals="0" statements="0" coveredstatements="0" elements="0" coveredelements="0"/>
    </file>
    <file name="C:\Users\Felipe\Documents\Projects\finance-control\app\Contracts\Repositories\TagRepositoryInterface.php">
      <metrics loc="18" ncloc="12" classes="0" methods="0" coveredmethods="0" conditionals="0" coveredconditionals="0" statements="0" coveredstatements="0" elements="0" coveredelements="0"/>
    </file>
    <file name="C:\Users\Felipe\Documents\Projects\finance-control\app\Contracts\Repositories\UserRepositoryInterface.php">
      <metrics loc="17" ncloc="11" classes="0" methods="0" coveredmethods="0" conditionals="0" coveredconditionals="0" statements="0" coveredstatements="0" elements="0" coveredelements="0"/>
    </file>
    <file name="C:\Users\Felipe\Documents\Projects\finance-control\app\Contracts\Services\ActivityServiceInterface.php">
      <metrics loc="18" ncloc="12" classes="0" methods="0" coveredmethods="0" conditionals="0" coveredconditionals="0" statements="0" coveredstatements="0" elements="0" coveredelements="0"/>
    </file>
    <file name="C:\Users\Felipe\Documents\Projects\finance-control\app\Contracts\Services\BasicServiceInterface.php">
      <metrics loc="66" ncloc="24" classes="0" methods="0" coveredmethods="0" conditionals="0" coveredconditionals="0" statements="0" coveredstatements="0" elements="0" coveredelements="0"/>
    </file>
    <file name="C:\Users\Felipe\Documents\Projects\finance-control\app\Contracts\Services\CategoryServiceInterface.php">
      <metrics loc="18" ncloc="12" classes="0" methods="0" coveredmethods="0" conditionals="0" coveredconditionals="0" statements="0" coveredstatements="0" elements="0" coveredelements="0"/>
    </file>
    <file name="C:\Users\Felipe\Documents\Projects\finance-control\app\Contracts\Services\CurrencyServiceInterface.php">
      <metrics loc="17" ncloc="9" classes="0" methods="0" coveredmethods="0" conditionals="0" coveredconditionals="0" statements="0" coveredstatements="0" elements="0" coveredelements="0"/>
    </file>
    <file name="C:\Users\Felipe\Documents\Projects\finance-control\app\Contracts\Services\EarningServiceInterface.php">
      <metrics loc="27" ncloc="15" classes="0" methods="0" coveredmethods="0" conditionals="0" coveredconditionals="0" statements="0" coveredstatements="0" elements="0" coveredelements="0"/>
    </file>
    <file name="C:\Users\Felipe\Documents\Projects\finance-control\app\Contracts\Services\HasTagsServiceInterface.php">
      <metrics loc="18" ncloc="11" classes="0" methods="0" coveredmethods="0" conditionals="0" coveredconditionals="0" statements="0" coveredstatements="0" elements="0" coveredelements="0"/>
    </file>
    <file name="C:\Users\Felipe\Documents\Projects\finance-control\app\Contracts\Services\RecurringServiceInterface.php">
      <metrics loc="70" ncloc="27" classes="0" methods="0" coveredmethods="0" conditionals="0" coveredconditionals="0" statements="0" coveredstatements="0" elements="0" coveredelements="0"/>
    </file>
    <file name="C:\Users\Felipe\Documents\Projects\finance-control\app\Contracts\Services\S3ServiceInterface.php">
      <metrics loc="35" ncloc="13" classes="0" methods="0" coveredmethods="0" conditionals="0" coveredconditionals="0" statements="0" coveredstatements="0" elements="0" coveredelements="0"/>
    </file>
    <file name="C:\Users\Felipe\Documents\Projects\finance-control\app\Contracts\Services\SpaceServiceInterface.php">
      <metrics loc="18" ncloc="12" classes="0" methods="0" coveredmethods="0" conditionals="0" coveredconditionals="0" statements="0" coveredstatements="0" elements="0" coveredelements="0"/>
    </file>
    <file name="C:\Users\Felipe\Documents\Projects\finance-control\app\Contracts\Services\SpendingServiceInterface.php">
      <metrics loc="27" ncloc="15" classes="0" methods="0" coveredmethods="0" conditionals="0" coveredconditionals="0" statements="0" coveredstatements="0" elements="0" coveredelements="0"/>
    </file>
    <file name="C:\Users\Felipe\Documents\Projects\finance-control\app\Contracts\Services\TagServiceInterface.php">
      <metrics loc="18" ncloc="12" classes="0" methods="0" coveredmethods="0" conditionals="0" coveredconditionals="0" statements="0" coveredstatements="0" elements="0" coveredelements="0"/>
    </file>
    <file name="C:\Users\Felipe\Documents\Projects\finance-control\app\Contracts\Services\UserServiceInterface.php">
      <metrics loc="17" ncloc="11" classes="0" methods="0" coveredmethods="0" conditionals="0" coveredconditionals="0" statements="0" coveredstatements="0" elements="0" coveredelements="0"/>
    </file>
    <file name="C:\Users\Felipe\Documents\Projects\finance-control\app\Events\Category\CategoryCreated.php">
      <class name="App\Events\Category\CategoryCreated" namespace="global">
        <metrics complexity="1" methods="1" coveredmethods="1" conditionals="0" coveredconditionals="0" statements="4" coveredstatements="4" elements="5" coveredelements="5"/>
      </class>
      <line num="25" type="method" name="__construct" visibility="public" complexity="1" crap="1" count="406"/>
      <line num="27" type="stmt" count="406"/>
      <line num="28" type="stmt" count="406"/>
      <line num="30" type="stmt" count="406"/>
      <line num="34" type="stmt" count="406"/>
      <metrics loc="37" ncloc="31" classes="1" methods="1" coveredmethods="1" conditionals="0" coveredconditionals="0" statements="4" coveredstatements="4" elements="5" coveredelements="5"/>
    </file>
    <file name="C:\Users\Felipe\Documents\Projects\finance-control\app\Events\Category\CategoryDeleted.php">
      <class name="App\Events\Category\CategoryDeleted" namespace="global">
        <metrics complexity="1" methods="1" coveredmethods="1" conditionals="0" coveredconditionals="0" statements="4" coveredstatements="4" elements="5" coveredelements="5"/>
      </class>
      <line num="25" type="method" name="__construct" visibility="public" complexity="1" crap="1" count="4"/>
      <line num="27" type="stmt" count="4"/>
      <line num="28" type="stmt" count="4"/>
      <line num="30" type="stmt" count="4"/>
      <line num="34" type="stmt" count="4"/>
      <metrics loc="37" ncloc="31" classes="1" methods="1" coveredmethods="1" conditionals="0" coveredconditionals="0" statements="4" coveredstatements="4" elements="5" coveredelements="5"/>
    </file>
    <file name="C:\Users\Felipe\Documents\Projects\finance-control\app\Events\Category\CategoryUpdated.php">
      <class name="App\Events\Category\CategoryUpdated" namespace="global">
        <metrics complexity="1" methods="1" coveredmethods="1" conditionals="0" coveredconditionals="0" statements="4" coveredstatements="4" elements="5" coveredelements="5"/>
      </class>
      <line num="25" type="method" name="__construct" visibility="public" complexity="1" crap="1" count="46"/>
      <line num="27" type="stmt" count="46"/>
      <line num="28" type="stmt" count="46"/>
      <line num="30" type="stmt" count="46"/>
      <line num="34" type="stmt" count="46"/>
      <metrics loc="37" ncloc="31" classes="1" methods="1" coveredmethods="1" conditionals="0" coveredconditionals="0" statements="4" coveredstatements="4" elements="5" coveredelements="5"/>
    </file>
    <file name="C:\Users\Felipe\Documents\Projects\finance-control\app\Events\Recurring\RecurringCreated.php">
      <class name="App\Events\Recurring\RecurringCreated" namespace="global">
        <metrics complexity="1" methods="1" coveredmethods="1" conditionals="0" coveredconditionals="0" statements="4" coveredstatements="4" elements="5" coveredelements="5"/>
      </class>
      <line num="25" type="method" name="__construct" visibility="public" complexity="1" crap="1" count="406"/>
      <line num="27" type="stmt" count="406"/>
      <line num="28" type="stmt" count="406"/>
      <line num="30" type="stmt" count="406"/>
      <line num="34" type="stmt" count="406"/>
      <metrics loc="37" ncloc="31" classes="1" methods="1" coveredmethods="1" conditionals="0" coveredconditionals="0" statements="4" coveredstatements="4" elements="5" coveredelements="5"/>
    </file>
    <file name="C:\Users\Felipe\Documents\Projects\finance-control\app\Events\Recurring\RecurringDeleted.php">
      <class name="App\Events\Recurring\RecurringDeleted" namespace="global">
        <metrics complexity="1" methods="1" coveredmethods="1" conditionals="0" coveredconditionals="0" statements="4" coveredstatements="4" elements="5" coveredelements="5"/>
      </class>
      <line num="25" type="method" name="__construct" visibility="public" complexity="1" crap="1" count="5"/>
      <line num="27" type="stmt" count="5"/>
      <line num="28" type="stmt" count="5"/>
      <line num="30" type="stmt" count="5"/>
      <line num="34" type="stmt" count="5"/>
      <metrics loc="37" ncloc="31" classes="1" methods="1" coveredmethods="1" conditionals="0" coveredconditionals="0" statements="4" coveredstatements="4" elements="5" coveredelements="5"/>
    </file>
    <file name="C:\Users\Felipe\Documents\Projects\finance-control\app\Events\Recurring\RecurringUpdated.php">
      <class name="App\Events\Recurring\RecurringUpdated" namespace="global">
        <metrics complexity="1" methods="1" coveredmethods="1" conditionals="0" coveredconditionals="0" statements="4" coveredstatements="4" elements="5" coveredelements="5"/>
      </class>
      <line num="25" type="method" name="__construct" visibility="public" complexity="1" crap="1" count="36"/>
      <line num="27" type="stmt" count="36"/>
      <line num="28" type="stmt" count="36"/>
      <line num="30" type="stmt" count="36"/>
      <line num="34" type="stmt" count="36"/>
      <metrics loc="37" ncloc="31" classes="1" methods="1" coveredmethods="1" conditionals="0" coveredconditionals="0" statements="4" coveredstatements="4" elements="5" coveredelements="5"/>
    </file>
    <file name="C:\Users\Felipe\Documents\Projects\finance-control\app\Events\Transaction\TransactionCreated.php">
      <class name="App\Events\Transaction\TransactionCreated" namespace="global">
        <metrics complexity="1" methods="1" coveredmethods="1" conditionals="0" coveredconditionals="0" statements="4" coveredstatements="4" elements="5" coveredelements="5"/>
      </class>
      <line num="26" type="method" name="__construct" visibility="public" complexity="1" crap="1" count="406"/>
      <line num="28" type="stmt" count="406"/>
      <line num="29" type="stmt" count="406"/>
      <line num="31" type="stmt" count="406"/>
      <line num="35" type="stmt" count="406"/>
      <metrics loc="38" ncloc="32" classes="1" methods="1" coveredmethods="1" conditionals="0" coveredconditionals="0" statements="4" coveredstatements="4" elements="5" coveredelements="5"/>
    </file>
    <file name="C:\Users\Felipe\Documents\Projects\finance-control\app\Events\Transaction\TransactionDeleted.php">
      <class name="App\Events\Transaction\TransactionDeleted" namespace="global">
        <metrics complexity="1" methods="1" coveredmethods="1" conditionals="0" coveredconditionals="0" statements="4" coveredstatements="4" elements="5" coveredelements="5"/>
      </class>
      <line num="26" type="method" name="__construct" visibility="public" complexity="1" crap="1" count="10"/>
      <line num="28" type="stmt" count="10"/>
      <line num="29" type="stmt" count="10"/>
      <line num="31" type="stmt" count="10"/>
      <line num="35" type="stmt" count="10"/>
      <metrics loc="38" ncloc="32" classes="1" methods="1" coveredmethods="1" conditionals="0" coveredconditionals="0" statements="4" coveredstatements="4" elements="5" coveredelements="5"/>
    </file>
    <file name="C:\Users\Felipe\Documents\Projects\finance-control\app\Events\Transaction\TransactionUpdated.php">
      <class name="App\Events\Transaction\TransactionUpdated" namespace="global">
        <metrics complexity="1" methods="1" coveredmethods="1" conditionals="0" coveredconditionals="0" statements="4" coveredstatements="4" elements="5" coveredelements="5"/>
      </class>
      <line num="26" type="method" name="__construct" visibility="public" complexity="1" crap="1" count="60"/>
      <line num="28" type="stmt" count="60"/>
      <line num="29" type="stmt" count="60"/>
      <line num="31" type="stmt" count="60"/>
      <line num="35" type="stmt" count="60"/>
      <metrics loc="38" ncloc="32" classes="1" methods="1" coveredmethods="1" conditionals="0" coveredconditionals="0" statements="4" coveredstatements="4" elements="5" coveredelements="5"/>
    </file>
    <file name="C:\Users\Felipe\Documents\Projects\finance-control\app\Helpers\SlugOptions.php">
      <class name="App\Helpers\SlugOptions" namespace="global">
        <metrics complexity="6" methods="5" coveredmethods="1" conditionals="0" coveredconditionals="0" statements="11" coveredstatements="1" elements="16" coveredelements="2"/>
      </class>
      <line num="40" type="method" name="create" visibility="public" complexity="1" crap="1" count="406"/>
      <line num="42" type="stmt" count="406"/>
      <line num="51" type="method" name="generateSlugsFrom" visibility="public" complexity="2" crap="6" count="0"/>
      <line num="53" type="stmt" count="0"/>
      <line num="54" type="stmt" count="0"/>
      <line num="57" type="stmt" count="0"/>
      <line num="59" type="stmt" count="0"/>
      <line num="68" type="method" name="saveSlugsTo" visibility="public" complexity="1" crap="2" count="0"/>
      <line num="70" type="stmt" count="0"/>
      <line num="72" type="stmt" count="0"/>
      <line num="81" type="method" name="slugsShouldBeNoLongerThan" visibility="public" complexity="1" crap="2" count="0"/>
      <line num="83" type="stmt" count="0"/>
      <line num="85" type="stmt" count="0"/>
      <line num="94" type="method" name="skipGenerateWhen" visibility="public" complexity="1" crap="2" count="0"/>
      <line num="96" type="stmt" count="0"/>
      <line num="98" type="stmt" count="0"/>
      <metrics loc="101" ncloc="52" classes="1" methods="5" coveredmethods="1" conditionals="0" coveredconditionals="0" statements="11" coveredstatements="1" elements="16" coveredelements="2"/>
    </file>
    <file name="C:\Users\Felipe\Documents\Projects\finance-control\app\Helpers\data.php">
      <line num="13" type="stmt" count="95"/>
      <metrics loc="16" ncloc="9" classes="0" methods="0" coveredmethods="0" conditionals="0" coveredconditionals="0" statements="1" coveredstatements="1" elements="1" coveredelements="1"/>
    </file>
    <file name="C:\Users\Felipe\Documents\Projects\finance-control\app\Helpers\date.php">
      <line num="14" type="stmt" count="100"/>
      <line num="15" type="stmt" count="100"/>
      <line num="18" type="stmt" count="100"/>
      <line num="31" type="stmt" count="100"/>
      <line num="32" type="stmt" count="100"/>
      <line num="35" type="stmt" count="100"/>
      <metrics loc="38" ncloc="26" classes="0" methods="0" coveredmethods="0" conditionals="0" coveredconditionals="0" statements="6" coveredstatements="6" elements="6" coveredelements="6"/>
    </file>
    <file name="C:\Users\Felipe\Documents\Projects\finance-control\app\Helpers\money.php">
      <line num="14" type="stmt" count="107"/>
      <line num="16" type="stmt" count="107"/>
      <metrics loc="19" ncloc="12" classes="0" methods="0" coveredmethods="0" conditionals="0" coveredconditionals="0" statements="2" coveredstatements="2" elements="2" coveredelements="2"/>
    </file>
    <file name="C:\Users\Felipe\Documents\Projects\finance-control\app\Helpers\resolvers.php">
      <line num="14" type="stmt" count="13"/>
      <line num="26" type="stmt" count="2"/>
      <metrics loc="29" ncloc="19" classes="0" methods="0" coveredmethods="0" conditionals="0" coveredconditionals="0" statements="2" coveredstatements="2" elements="2" coveredelements="2"/>
    </file>
    <file name="C:\Users\Felipe\Documents\Projects\finance-control\app\Http\Controllers\ActivityController.php">
      <class name="App\Http\Controllers\ActivityController" namespace="global">
        <metrics complexity="1" methods="1" coveredmethods="1" conditionals="0" coveredconditionals="0" statements="2" coveredstatements="2" elements="3" coveredelements="3"/>
      </class>
      <line num="18" type="method" name="__invoke" visibility="public" complexity="1" crap="1" count="8"/>
      <line num="22" type="stmt" count="8"/>
      <line num="23" type="stmt" count="8"/>
      <metrics loc="27" ncloc="21" classes="1" methods="1" coveredmethods="1" conditionals="0" coveredconditionals="0" statements="2" coveredstatements="2" elements="3" coveredelements="3"/>
    </file>
    <file name="C:\Users\Felipe\Documents\Projects\finance-control\app\Http\Controllers\Auth\AuthController.php">
      <class name="App\Http\Controllers\Auth\AuthController" namespace="global">
        <metrics complexity="17" methods="11" coveredmethods="10" conditionals="0" coveredconditionals="0" statements="35" coveredstatements="33" elements="46" coveredelements="43"/>
      </class>
      <line num="38" type="method" name="__construct" visibility="public" complexity="1" crap="1" count="31"/>
      <line num="42" type="stmt" count="31"/>
      <line num="43" type="stmt" count="31"/>
      <line num="52" type="method" name="login" visibility="public" complexity="1" crap="1" count="6"/>
      <line num="54" type="stmt" count="6"/>
      <line num="56" type="stmt" count="6"/>
      <line num="65" type="method" name="validateLogin" visibility="protected" complexity="1" crap="1" count="6"/>
      <line num="67" type="stmt" count="6"/>
      <line num="68" type="stmt" count="6"/>
      <line num="79" type="method" name="credentials" visibility="protected" complexity="1" crap="1" count="6"/>
      <line num="81" type="stmt" count="6"/>
      <line num="90" type="method" name="attemptLogin" visibility="protected" complexity="1" crap="1" count="6"/>
      <line num="92" type="stmt" count="6"/>
      <line num="93" type="stmt" count="6"/>
      <line num="103" type="method" name="register" visibility="public" complexity="3" crap="3" count="10"/>
      <line num="105" type="stmt" count="10"/>
      <line num="107" type="stmt" count="10"/>
      <line num="108" type="stmt" count="3"/>
      <line num="111" type="stmt" count="10"/>
      <line num="113" type="stmt" count="10"/>
      <line num="114" type="stmt" count="10"/>
      <line num="116" type="stmt" count="10"/>
      <line num="125" type="method" name="refresh" visibility="public" complexity="1" crap="2" count="0"/>
      <line num="127" type="stmt" count="0"/>
      <line num="129" type="stmt" count="0"/>
      <line num="137" type="method" name="update" visibility="public" complexity="3" crap="3" count="6"/>
      <line num="139" type="stmt" count="6"/>
      <line num="141" type="stmt" count="6"/>
      <line num="142" type="stmt" count="5"/>
      <line num="143" type="stmt" count="5"/>
      <line num="146" type="stmt" count="5"/>
      <line num="149" type="stmt" count="6"/>
      <line num="150" type="stmt" count="6"/>
      <line num="159" type="method" name="me" visibility="public" complexity="1" crap="1" count="4"/>
      <line num="161" type="stmt" count="4"/>
      <line num="172" type="method" name="responseToken" visibility="private" complexity="2" crap="2" count="16"/>
      <line num="174" type="stmt" count="16"/>
      <line num="175" type="stmt" count="15"/>
      <line num="180" type="stmt" count="16"/>
      <line num="188" type="method" name="username" visibility="protected" complexity="2" crap="2" count="6"/>
      <line num="190" type="stmt" count="6"/>
      <line num="192" type="stmt" count="6"/>
      <line num="193" type="stmt" count="5"/>
      <line num="195" type="stmt" count="1"/>
      <line num="198" type="stmt" count="6"/>
      <line num="200" type="stmt" count="6"/>
      <metrics loc="203" ncloc="129" classes="1" methods="11" coveredmethods="10" conditionals="0" coveredconditionals="0" statements="35" coveredstatements="33" elements="46" coveredelements="43"/>
    </file>
    <file name="C:\Users\Felipe\Documents\Projects\finance-control\app\Http\Controllers\Auth\ForgotPasswordController.php">
      <class name="App\Http\Controllers\Auth\ForgotPasswordController" namespace="global">
        <metrics complexity="0" methods="0" coveredmethods="0" conditionals="0" coveredconditionals="0" statements="0" coveredstatements="0" elements="0" coveredelements="0"/>
      </class>
      <metrics loc="23" ncloc="13" classes="0" methods="0" coveredmethods="0" conditionals="0" coveredconditionals="0" statements="0" coveredstatements="0" elements="0" coveredelements="0"/>
    </file>
    <file name="C:\Users\Felipe\Documents\Projects\finance-control\app\Http\Controllers\Auth\ResetPasswordController.php">
      <class name="App\Http\Controllers\Auth\ResetPasswordController" namespace="global">
        <metrics complexity="2" methods="2" coveredmethods="2" conditionals="0" coveredconditionals="0" statements="4" coveredstatements="4" elements="6" coveredelements="6"/>
      </class>
      <line num="47" type="method" name="__construct" visibility="public" complexity="1" crap="1" count="8"/>
      <line num="49" type="stmt" count="8"/>
      <line num="59" type="method" name="sendResetResponse" visibility="protected" complexity="1" crap="1" count="6"/>
      <line num="63" type="stmt" count="6"/>
      <line num="65" type="stmt" count="6"/>
      <line num="67" type="stmt" count="6"/>
      <metrics loc="70" ncloc="37" classes="1" methods="2" coveredmethods="2" conditionals="0" coveredconditionals="0" statements="4" coveredstatements="4" elements="6" coveredelements="6"/>
    </file>
    <file name="C:\Users\Felipe\Documents\Projects\finance-control\app\Http\Controllers\Auth\VerificationController.php">
      <class name="App\Http\Controllers\Auth\VerificationController" namespace="global">
        <metrics complexity="1" methods="1" coveredmethods="0" conditionals="0" coveredconditionals="0" statements="3" coveredstatements="0" elements="4" coveredelements="0"/>
      </class>
      <line num="36" type="method" name="__construct" visibility="public" complexity="1" crap="2" count="0"/>
      <line num="38" type="stmt" count="0"/>
      <line num="39" type="stmt" count="0"/>
      <line num="40" type="stmt" count="0"/>
      <metrics loc="43" ncloc="23" classes="1" methods="1" coveredmethods="0" conditionals="0" coveredconditionals="0" statements="3" coveredstatements="0" elements="4" coveredelements="0"/>
    </file>
    <file name="C:\Users\Felipe\Documents\Projects\finance-control\app\Http\Controllers\CategoryController.php">
      <class name="App\Http\Controllers\CategoryController" namespace="global">
        <metrics complexity="7" methods="5" coveredmethods="5" conditionals="0" coveredconditionals="0" statements="24" coveredstatements="24" elements="29" coveredelements="29"/>
      </class>
      <line num="28" type="method" name="__construct" visibility="public" complexity="1" crap="1" count="24"/>
      <line num="31" type="stmt" count="24"/>
      <line num="40" type="method" name="index" visibility="public" complexity="1" crap="1" count="6"/>
      <line num="42" type="stmt" count="6"/>
      <line num="43" type="stmt" count="6"/>
      <line num="53" type="method" name="store" visibility="public" complexity="2" crap="2" count="5"/>
      <line num="55" type="stmt" count="5"/>
      <line num="58" type="stmt" count="5"/>
      <line num="60" type="stmt" count="4"/>
      <line num="62" type="stmt" count="4"/>
      <line num="63" type="stmt" count="1"/>
      <line num="64" type="stmt" count="1"/>
      <line num="65" type="stmt" count="1"/>
      <line num="66" type="stmt" count="1"/>
      <line num="67" type="stmt" count="1"/>
      <line num="69" type="stmt" count="1"/>
      <line num="80" type="method" name="update" visibility="public" complexity="2" crap="2" count="7"/>
      <line num="82" type="stmt" count="7"/>
      <line num="85" type="stmt" count="7"/>
      <line num="87" type="stmt" count="5"/>
      <line num="89" type="stmt" count="5"/>
      <line num="90" type="stmt" count="2"/>
      <line num="91" type="stmt" count="2"/>
      <line num="92" type="stmt" count="2"/>
      <line num="93" type="stmt" count="2"/>
      <line num="94" type="stmt" count="2"/>
      <line num="96" type="stmt" count="2"/>
      <line num="106" type="method" name="destroy" visibility="public" complexity="1" crap="1" count="6"/>
      <line num="108" type="stmt" count="6"/>
      <metrics loc="111" ncloc="75" classes="1" methods="5" coveredmethods="5" conditionals="0" coveredconditionals="0" statements="24" coveredstatements="24" elements="29" coveredelements="29"/>
    </file>
    <file name="C:\Users\Felipe\Documents\Projects\finance-control\app\Http\Controllers\Controller.php">
      <class name="App\Http\Controllers\Controller" namespace="global">
        <metrics complexity="0" methods="0" coveredmethods="0" conditionals="0" coveredconditionals="0" statements="0" coveredstatements="0" elements="0" coveredelements="0"/>
      </class>
      <metrics loc="16" ncloc="16" classes="0" methods="0" coveredmethods="0" conditionals="0" coveredconditionals="0" statements="0" coveredstatements="0" elements="0" coveredelements="0"/>
    </file>
    <file name="C:\Users\Felipe\Documents\Projects\finance-control\app\Http\Controllers\EarningController.php">
      <class name="App\Http\Controllers\EarningController" namespace="global">
        <metrics complexity="10" methods="7" coveredmethods="7" conditionals="0" coveredconditionals="0" statements="37" coveredstatements="37" elements="44" coveredelements="44"/>
      </class>
      <line num="28" type="method" name="__construct" visibility="public" complexity="1" crap="1" count="44"/>
      <line num="31" type="stmt" count="44"/>
      <line num="39" type="method" name="index" visibility="public" complexity="1" crap="1" count="6"/>
      <line num="41" type="stmt" count="6"/>
      <line num="42" type="stmt" count="6"/>
      <line num="52" type="method" name="store" visibility="public" complexity="2" crap="2" count="9"/>
      <line num="54" type="stmt" count="9"/>
      <line num="57" type="stmt" count="9"/>
      <line num="59" type="stmt" count="6"/>
      <line num="61" type="stmt" count="6"/>
      <line num="62" type="stmt" count="3"/>
      <line num="63" type="stmt" count="3"/>
      <line num="64" type="stmt" count="3"/>
      <line num="65" type="stmt" count="3"/>
      <line num="66" type="stmt" count="3"/>
      <line num="68" type="stmt" count="3"/>
      <line num="78" type="method" name="show" visibility="public" complexity="1" crap="1" count="5"/>
      <line num="80" type="stmt" count="5"/>
      <line num="81" type="stmt" count="5"/>
      <line num="97" type="method" name="update" visibility="public" complexity="2" crap="2" count="12"/>
      <line num="99" type="stmt" count="12"/>
      <line num="102" type="stmt" count="12"/>
      <line num="104" type="stmt" count="7"/>
      <line num="106" type="stmt" count="7"/>
      <line num="107" type="stmt" count="5"/>
      <line num="108" type="stmt" count="5"/>
      <line num="109" type="stmt" count="5"/>
      <line num="110" type="stmt" count="5"/>
      <line num="111" type="stmt" count="5"/>
      <line num="113" type="stmt" count="5"/>
      <line num="123" type="method" name="destroy" visibility="public" complexity="1" crap="1" count="7"/>
      <line num="125" type="stmt" count="7"/>
      <line num="135" type="method" name="detachTags" visibility="public" complexity="2" crap="2" count="4"/>
      <line num="137" type="stmt" count="4"/>
      <line num="138" type="stmt" count="4"/>
      <line num="141" type="stmt" count="4"/>
      <line num="143" type="stmt" count="2"/>
      <line num="145" type="stmt" count="2"/>
      <line num="146" type="stmt" count="2"/>
      <line num="147" type="stmt" count="2"/>
      <line num="148" type="stmt" count="2"/>
      <line num="149" type="stmt" count="2"/>
      <line num="150" type="stmt" count="2"/>
      <line num="152" type="stmt" count="2"/>
      <metrics loc="156" ncloc="108" classes="1" methods="7" coveredmethods="7" conditionals="0" coveredconditionals="0" statements="37" coveredstatements="37" elements="44" coveredelements="44"/>
    </file>
    <file name="C:\Users\Felipe\Documents\Projects\finance-control\app\Http\Controllers\RecurringController.php">
      <class name="App\Http\Controllers\RecurringController" namespace="global">
        <metrics complexity="10" methods="7" coveredmethods="7" conditionals="0" coveredconditionals="0" statements="37" coveredstatements="37" elements="44" coveredelements="44"/>
      </class>
      <line num="32" type="method" name="__construct" visibility="public" complexity="1" crap="1" count="44"/>
      <line num="35" type="stmt" count="44"/>
      <line num="43" type="method" name="index" visibility="public" complexity="1" crap="1" count="6"/>
      <line num="45" type="stmt" count="6"/>
      <line num="46" type="stmt" count="6"/>
      <line num="56" type="method" name="store" visibility="public" complexity="2" crap="2" count="9"/>
      <line num="58" type="stmt" count="9"/>
      <line num="61" type="stmt" count="9"/>
      <line num="63" type="stmt" count="6"/>
      <line num="65" type="stmt" count="6"/>
      <line num="66" type="stmt" count="3"/>
      <line num="67" type="stmt" count="3"/>
      <line num="68" type="stmt" count="3"/>
      <line num="69" type="stmt" count="3"/>
      <line num="70" type="stmt" count="3"/>
      <line num="72" type="stmt" count="3"/>
      <line num="82" type="method" name="show" visibility="public" complexity="1" crap="1" count="5"/>
      <line num="84" type="stmt" count="5"/>
      <line num="85" type="stmt" count="5"/>
      <line num="103" type="method" name="update" visibility="public" complexity="2" crap="2" count="12"/>
      <line num="105" type="stmt" count="12"/>
      <line num="108" type="stmt" count="12"/>
      <line num="110" type="stmt" count="7"/>
      <line num="112" type="stmt" count="7"/>
      <line num="113" type="stmt" count="5"/>
      <line num="114" type="stmt" count="5"/>
      <line num="115" type="stmt" count="5"/>
      <line num="116" type="stmt" count="5"/>
      <line num="117" type="stmt" count="5"/>
      <line num="119" type="stmt" count="5"/>
      <line num="129" type="method" name="destroy" visibility="public" complexity="1" crap="1" count="7"/>
      <line num="131" type="stmt" count="7"/>
      <line num="141" type="method" name="detachTags" visibility="public" complexity="2" crap="2" count="4"/>
      <line num="143" type="stmt" count="4"/>
      <line num="144" type="stmt" count="4"/>
      <line num="147" type="stmt" count="4"/>
      <line num="149" type="stmt" count="2"/>
      <line num="151" type="stmt" count="2"/>
      <line num="152" type="stmt" count="2"/>
      <line num="153" type="stmt" count="2"/>
      <line num="154" type="stmt" count="2"/>
      <line num="155" type="stmt" count="2"/>
      <line num="156" type="stmt" count="2"/>
      <line num="158" type="stmt" count="2"/>
      <metrics loc="162" ncloc="114" classes="1" methods="7" coveredmethods="7" conditionals="0" coveredconditionals="0" statements="37" coveredstatements="37" elements="44" coveredelements="44"/>
    </file>
    <file name="C:\Users\Felipe\Documents\Projects\finance-control\app\Http\Controllers\SpaceController.php">
      <class name="App\Http\Controllers\SpaceController" namespace="global">
        <metrics complexity="10" methods="7" coveredmethods="7" conditionals="0" coveredconditionals="0" statements="37" coveredstatements="37" elements="44" coveredelements="44"/>
      </class>
      <line num="28" type="method" name="__construct" visibility="public" complexity="1" crap="1" count="37"/>
      <line num="31" type="stmt" count="37"/>
      <line num="39" type="method" name="index" visibility="public" complexity="1" crap="1" count="6"/>
      <line num="41" type="stmt" count="6"/>
      <line num="42" type="stmt" count="6"/>
      <line num="52" type="method" name="store" visibility="public" complexity="2" crap="2" count="6"/>
      <line num="54" type="stmt" count="6"/>
      <line num="57" type="stmt" count="6"/>
      <line num="59" type="stmt" count="5"/>
      <line num="61" type="stmt" count="5"/>
      <line num="62" type="stmt" count="1"/>
      <line num="63" type="stmt" count="1"/>
      <line num="64" type="stmt" count="1"/>
      <line num="65" type="stmt" count="1"/>
      <line num="66" type="stmt" count="1"/>
      <line num="68" type="stmt" count="1"/>
      <line num="78" type="method" name="show" visibility="public" complexity="1" crap="1" count="5"/>
      <line num="80" type="stmt" count="5"/>
      <line num="81" type="stmt" count="5"/>
      <line num="96" type="method" name="update" visibility="public" complexity="2" crap="2" count="9"/>
      <line num="98" type="stmt" count="9"/>
      <line num="101" type="stmt" count="9"/>
      <line num="103" type="stmt" count="6"/>
      <line num="105" type="stmt" count="6"/>
      <line num="106" type="stmt" count="3"/>
      <line num="107" type="stmt" count="3"/>
      <line num="108" type="stmt" count="3"/>
      <line num="109" type="stmt" count="3"/>
      <line num="110" type="stmt" count="3"/>
      <line num="112" type="stmt" count="3"/>
      <line num="122" type="method" name="destroy" visibility="public" complexity="1" crap="1" count="6"/>
      <line num="124" type="stmt" count="6"/>
      <line num="134" type="method" name="detachTags" visibility="public" complexity="2" crap="2" count="4"/>
      <line num="136" type="stmt" count="4"/>
      <line num="137" type="stmt" count="4"/>
      <line num="140" type="stmt" count="4"/>
      <line num="142" type="stmt" count="2"/>
      <line num="144" type="stmt" count="2"/>
      <line num="145" type="stmt" count="2"/>
      <line num="146" type="stmt" count="2"/>
      <line num="147" type="stmt" count="2"/>
      <line num="148" type="stmt" count="2"/>
      <line num="149" type="stmt" count="2"/>
      <line num="151" type="stmt" count="2"/>
      <metrics loc="155" ncloc="107" classes="1" methods="7" coveredmethods="7" conditionals="0" coveredconditionals="0" statements="37" coveredstatements="37" elements="44" coveredelements="44"/>
    </file>
    <file name="C:\Users\Felipe\Documents\Projects\finance-control\app\Http\Controllers\SpendingController.php">
      <class name="App\Http\Controllers\SpendingController" namespace="global">
        <metrics complexity="10" methods="7" coveredmethods="7" conditionals="0" coveredconditionals="0" statements="37" coveredstatements="37" elements="44" coveredelements="44"/>
      </class>
      <line num="28" type="method" name="__construct" visibility="public" complexity="1" crap="1" count="44"/>
      <line num="31" type="stmt" count="44"/>
      <line num="40" type="method" name="index" visibility="public" complexity="1" crap="1" count="6"/>
      <line num="42" type="stmt" count="6"/>
      <line num="43" type="stmt" count="6"/>
      <line num="53" type="method" name="store" visibility="public" complexity="2" crap="2" count="9"/>
      <line num="55" type="stmt" count="9"/>
      <line num="58" type="stmt" count="9"/>
      <line num="60" type="stmt" count="6"/>
      <line num="62" type="stmt" count="6"/>
      <line num="63" type="stmt" count="3"/>
      <line num="64" type="stmt" count="3"/>
      <line num="65" type="stmt" count="3"/>
      <line num="66" type="stmt" count="3"/>
      <line num="67" type="stmt" count="3"/>
      <line num="69" type="stmt" count="3"/>
      <line num="79" type="method" name="show" visibility="public" complexity="1" crap="1" count="5"/>
      <line num="81" type="stmt" count="5"/>
      <line num="82" type="stmt" count="5"/>
      <line num="99" type="method" name="update" visibility="public" complexity="2" crap="2" count="12"/>
      <line num="101" type="stmt" count="12"/>
      <line num="104" type="stmt" count="12"/>
      <line num="106" type="stmt" count="7"/>
      <line num="108" type="stmt" count="7"/>
      <line num="109" type="stmt" count="5"/>
      <line num="110" type="stmt" count="5"/>
      <line num="111" type="stmt" count="5"/>
      <line num="112" type="stmt" count="5"/>
      <line num="113" type="stmt" count="5"/>
      <line num="115" type="stmt" count="5"/>
      <line num="125" type="method" name="destroy" visibility="public" complexity="1" crap="1" count="7"/>
      <line num="127" type="stmt" count="7"/>
      <line num="137" type="method" name="detachTags" visibility="public" complexity="2" crap="2" count="4"/>
      <line num="139" type="stmt" count="4"/>
      <line num="140" type="stmt" count="4"/>
      <line num="143" type="stmt" count="4"/>
      <line num="145" type="stmt" count="2"/>
      <line num="147" type="stmt" count="2"/>
      <line num="148" type="stmt" count="2"/>
      <line num="149" type="stmt" count="2"/>
      <line num="150" type="stmt" count="2"/>
      <line num="151" type="stmt" count="2"/>
      <line num="152" type="stmt" count="2"/>
      <line num="154" type="stmt" count="2"/>
      <metrics loc="158" ncloc="109" classes="1" methods="7" coveredmethods="7" conditionals="0" coveredconditionals="0" statements="37" coveredstatements="37" elements="44" coveredelements="44"/>
    </file>
    <file name="C:\Users\Felipe\Documents\Projects\finance-control\app\Http\Controllers\TagController.php">
      <class name="App\Http\Controllers\TagController" namespace="global">
        <metrics complexity="7" methods="5" coveredmethods="4" conditionals="0" coveredconditionals="0" statements="24" coveredstatements="18" elements="29" coveredelements="22"/>
      </class>
      <line num="28" type="method" name="__construct" visibility="public" complexity="1" crap="1" count="22"/>
      <line num="31" type="stmt" count="22"/>
      <line num="39" type="method" name="index" visibility="public" complexity="1" crap="1" count="6"/>
      <line num="41" type="stmt" count="6"/>
      <line num="42" type="stmt" count="6"/>
      <line num="52" type="method" name="store" visibility="public" complexity="2" crap="2.86" count="4"/>
      <line num="54" type="stmt" count="4"/>
      <line num="57" type="stmt" count="4"/>
      <line num="59" type="stmt" count="4"/>
      <line num="61" type="stmt" count="4"/>
      <line num="62" type="stmt" count="0"/>
      <line num="63" type="stmt" count="0"/>
      <line num="64" type="stmt" count="0"/>
      <line num="65" type="stmt" count="0"/>
      <line num="66" type="stmt" count="0"/>
      <line num="68" type="stmt" count="0"/>
      <line num="79" type="method" name="update" visibility="public" complexity="2" crap="2" count="7"/>
      <line num="81" type="stmt" count="7"/>
      <line num="84" type="stmt" count="7"/>
      <line num="86" type="stmt" count="5"/>
      <line num="88" type="stmt" count="5"/>
      <line num="89" type="stmt" count="2"/>
      <line num="90" type="stmt" count="2"/>
      <line num="91" type="stmt" count="2"/>
      <line num="92" type="stmt" count="2"/>
      <line num="93" type="stmt" count="2"/>
      <line num="95" type="stmt" count="2"/>
      <line num="105" type="method" name="destroy" visibility="public" complexity="1" crap="1" count="5"/>
      <line num="107" type="stmt" count="5"/>
      <metrics loc="110" ncloc="75" classes="1" methods="5" coveredmethods="4" conditionals="0" coveredconditionals="0" statements="24" coveredstatements="18" elements="29" coveredelements="22"/>
    </file>
    <file name="C:\Users\Felipe\Documents\Projects\finance-control\app\Http\Kernel.php">
      <class name="App\Http\Kernel" namespace="global">
        <metrics complexity="0" methods="0" coveredmethods="0" conditionals="0" coveredconditionals="0" statements="0" coveredstatements="0" elements="0" coveredelements="0"/>
      </class>
      <metrics loc="69" ncloc="48" classes="0" methods="0" coveredmethods="0" conditionals="0" coveredconditionals="0" statements="0" coveredstatements="0" elements="0" coveredelements="0"/>
    </file>
    <file name="C:\Users\Felipe\Documents\Projects\finance-control\app\Http\Middleware\Authenticate.php">
      <class name="App\Http\Middleware\Authenticate" namespace="global">
        <metrics complexity="2" methods="1" coveredmethods="0" conditionals="0" coveredconditionals="0" statements="2" coveredstatements="0" elements="3" coveredelements="0"/>
      </class>
      <line num="15" type="method" name="redirectTo" visibility="protected" complexity="2" crap="6" count="0"/>
      <line num="17" type="stmt" count="0"/>
      <line num="18" type="stmt" count="0"/>
      <metrics loc="22" ncloc="16" classes="1" methods="1" coveredmethods="0" conditionals="0" coveredconditionals="0" statements="2" coveredstatements="0" elements="3" coveredelements="0"/>
    </file>
    <file name="C:\Users\Felipe\Documents\Projects\finance-control\app\Http\Middleware\EncryptCookies.php">
      <class name="App\Http\Middleware\EncryptCookies" namespace="global">
        <metrics complexity="0" methods="0" coveredmethods="0" conditionals="0" coveredconditionals="0" statements="0" coveredstatements="0" elements="0" coveredelements="0"/>
      </class>
      <metrics loc="18" ncloc="13" classes="0" methods="0" coveredmethods="0" conditionals="0" coveredconditionals="0" statements="0" coveredstatements="0" elements="0" coveredelements="0"/>
    </file>
    <file name="C:\Users\Felipe\Documents\Projects\finance-control\app\Http\Middleware\ForceJsonAccept.php">
      <class name="App\Http\Middleware\ForceJsonAccept" namespace="global">
        <metrics complexity="1" methods="1" coveredmethods="1" conditionals="0" coveredconditionals="0" statements="2" coveredstatements="2" elements="3" coveredelements="3"/>
      </class>
      <line num="17" type="method" name="handle" visibility="public" complexity="1" crap="1" count="266"/>
      <line num="19" type="stmt" count="266"/>
      <line num="21" type="stmt" count="266"/>
      <metrics loc="24" ncloc="17" classes="1" methods="1" coveredmethods="1" conditionals="0" coveredconditionals="0" statements="2" coveredstatements="2" elements="3" coveredelements="3"/>
    </file>
    <file name="C:\Users\Felipe\Documents\Projects\finance-control\app\Http\Middleware\PreventRequestsDuringMaintenance.php">
      <class name="App\Http\Middleware\PreventRequestsDuringMaintenance" namespace="global">
        <metrics complexity="0" methods="0" coveredmethods="0" conditionals="0" coveredconditionals="0" statements="0" coveredstatements="0" elements="0" coveredelements="0"/>
      </class>
      <metrics loc="18" ncloc="13" classes="0" methods="0" coveredmethods="0" conditionals="0" coveredconditionals="0" statements="0" coveredstatements="0" elements="0" coveredelements="0"/>
    </file>
    <file name="C:\Users\Felipe\Documents\Projects\finance-control\app\Http\Middleware\RedirectIfAuthenticated.php">
      <class name="App\Http\Middleware\RedirectIfAuthenticated" namespace="global">
        <metrics complexity="4" methods="1" coveredmethods="0" conditionals="0" coveredconditionals="0" statements="5" coveredstatements="0" elements="6" coveredelements="0"/>
      </class>
      <line num="20" type="method" name="handle" visibility="public" complexity="4" crap="20" count="0"/>
      <line num="22" type="stmt" count="0"/>
      <line num="24" type="stmt" count="0"/>
      <line num="25" type="stmt" count="0"/>
      <line num="26" type="stmt" count="0"/>
      <line num="30" type="stmt" count="0"/>
      <metrics loc="33" ncloc="25" classes="1" methods="1" coveredmethods="0" conditionals="0" coveredconditionals="0" statements="5" coveredstatements="0" elements="6" coveredelements="0"/>
    </file>
    <file name="C:\Users\Felipe\Documents\Projects\finance-control\app\Http\Middleware\TrimStrings.php">
      <class name="App\Http\Middleware\TrimStrings" namespace="global">
        <metrics complexity="0" methods="0" coveredmethods="0" conditionals="0" coveredconditionals="0" statements="0" coveredstatements="0" elements="0" coveredelements="0"/>
      </class>
      <metrics loc="20" ncloc="15" classes="0" methods="0" coveredmethods="0" conditionals="0" coveredconditionals="0" statements="0" coveredstatements="0" elements="0" coveredelements="0"/>
    </file>
    <file name="C:\Users\Felipe\Documents\Projects\finance-control\app\Http\Middleware\TrustHosts.php">
      <class name="App\Http\Middleware\TrustHosts" namespace="global">
        <metrics complexity="1" methods="1" coveredmethods="0" conditionals="0" coveredconditionals="0" statements="1" coveredstatements="0" elements="2" coveredelements="0"/>
      </class>
      <line num="14" type="method" name="hosts" visibility="public" complexity="1" crap="2" count="0"/>
      <line num="17" type="stmt" count="0"/>
      <metrics loc="21" ncloc="16" classes="1" methods="1" coveredmethods="0" conditionals="0" coveredconditionals="0" statements="1" coveredstatements="0" elements="2" coveredelements="0"/>
    </file>
    <file name="C:\Users\Felipe\Documents\Projects\finance-control\app\Http\Middleware\TrustProxies.php">
      <class name="App\Http\Middleware\TrustProxies" namespace="global">
        <metrics complexity="0" methods="0" coveredmethods="0" conditionals="0" coveredconditionals="0" statements="0" coveredstatements="0" elements="0" coveredelements="0"/>
      </class>
      <metrics loc="29" ncloc="19" classes="0" methods="0" coveredmethods="0" conditionals="0" coveredconditionals="0" statements="0" coveredstatements="0" elements="0" coveredelements="0"/>
    </file>
    <file name="C:\Users\Felipe\Documents\Projects\finance-control\app\Http\Middleware\ValidateSignature.php">
      <class name="App\Http\Middleware\ValidateSignature" namespace="global">
        <metrics complexity="0" methods="0" coveredmethods="0" conditionals="0" coveredconditionals="0" statements="0" coveredstatements="0" elements="0" coveredelements="0"/>
      </class>
      <metrics loc="23" ncloc="18" classes="0" methods="0" coveredmethods="0" conditionals="0" coveredconditionals="0" statements="0" coveredstatements="0" elements="0" coveredelements="0"/>
    </file>
    <file name="C:\Users\Felipe\Documents\Projects\finance-control\app\Http\Middleware\VerifyCsrfToken.php">
      <class name="App\Http\Middleware\VerifyCsrfToken" namespace="global">
        <metrics complexity="0" methods="0" coveredmethods="0" conditionals="0" coveredconditionals="0" statements="0" coveredstatements="0" elements="0" coveredelements="0"/>
      </class>
      <metrics loc="18" ncloc="13" classes="0" methods="0" coveredmethods="0" conditionals="0" coveredconditionals="0" statements="0" coveredstatements="0" elements="0" coveredelements="0"/>
    </file>
    <file name="C:\Users\Felipe\Documents\Projects\finance-control\app\Http\Requests\Auth\RegisterRequest.php">
      <class name="App\Http\Requests\Auth\RegisterRequest" namespace="global">
        <metrics complexity="3" methods="3" coveredmethods="3" conditionals="0" coveredconditionals="0" statements="4" coveredstatements="4" elements="7" coveredelements="7"/>
      </class>
      <line num="14" type="method" name="authorize" visibility="public" complexity="1" crap="1" count="14"/>
      <line num="16" type="stmt" count="14"/>
      <line num="24" type="method" name="rules" visibility="public" complexity="1" crap="1" count="20"/>
      <line num="27" type="stmt" count="20"/>
      <line num="42" type="method" name="prepareForValidation" visibility="public" complexity="1" crap="1" count="14"/>
      <line num="44" type="stmt" count="14"/>
      <line num="45" type="stmt" count="14"/>
      <metrics loc="49" ncloc="34" classes="1" methods="3" coveredmethods="3" conditionals="0" coveredconditionals="0" statements="4" coveredstatements="4" elements="7" coveredelements="7"/>
    </file>
    <file name="C:\Users\Felipe\Documents\Projects\finance-control\app\Http\Requests\Category\CategoryStoreRequest.php">
      <class name="App\Http\Requests\Category\CategoryStoreRequest" namespace="global">
        <metrics complexity="2" methods="2" coveredmethods="2" conditionals="0" coveredconditionals="0" statements="2" coveredstatements="2" elements="4" coveredelements="4"/>
      </class>
      <line num="14" type="method" name="authorize" visibility="public" complexity="1" crap="1" count="6"/>
      <line num="16" type="stmt" count="6"/>
      <line num="24" type="method" name="rules" visibility="public" complexity="1" crap="1" count="9"/>
      <line num="27" type="stmt" count="9"/>
      <metrics loc="33" ncloc="23" classes="1" methods="2" coveredmethods="2" conditionals="0" coveredconditionals="0" statements="2" coveredstatements="2" elements="4" coveredelements="4"/>
    </file>
    <file name="C:\Users\Felipe\Documents\Projects\finance-control\app\Http\Requests\Category\CategoryUpdateRequest.php">
      <class name="App\Http\Requests\Category\CategoryUpdateRequest" namespace="global">
        <metrics complexity="2" methods="2" coveredmethods="2" conditionals="0" coveredconditionals="0" statements="2" coveredstatements="2" elements="4" coveredelements="4"/>
      </class>
      <line num="14" type="method" name="authorize" visibility="public" complexity="1" crap="1" count="7"/>
      <line num="16" type="stmt" count="7"/>
      <line num="24" type="method" name="rules" visibility="public" complexity="1" crap="1" count="9"/>
      <line num="27" type="stmt" count="9"/>
      <metrics loc="32" ncloc="22" classes="1" methods="2" coveredmethods="2" conditionals="0" coveredconditionals="0" statements="2" coveredstatements="2" elements="4" coveredelements="4"/>
    </file>
    <file name="C:\Users\Felipe\Documents\Projects\finance-control\app\Http\Requests\Earning\DetachEarningTagsRequest.php">
      <class name="App\Http\Requests\Earning\DetachEarningTagsRequest" namespace="global">
        <metrics complexity="2" methods="2" coveredmethods="2" conditionals="0" coveredconditionals="0" statements="2" coveredstatements="2" elements="4" coveredelements="4"/>
      </class>
      <line num="14" type="method" name="authorize" visibility="public" complexity="1" crap="1" count="5"/>
      <line num="16" type="stmt" count="5"/>
      <line num="24" type="method" name="rules" visibility="public" complexity="1" crap="1" count="5"/>
      <line num="27" type="stmt" count="5"/>
      <metrics loc="32" ncloc="22" classes="1" methods="2" coveredmethods="2" conditionals="0" coveredconditionals="0" statements="2" coveredstatements="2" elements="4" coveredelements="4"/>
    </file>
    <file name="C:\Users\Felipe\Documents\Projects\finance-control\app\Http\Requests\Earning\EarningStoreRequest.php">
      <class name="App\Http\Requests\Earning\EarningStoreRequest" namespace="global">
        <metrics complexity="2" methods="2" coveredmethods="2" conditionals="0" coveredconditionals="0" statements="2" coveredstatements="2" elements="4" coveredelements="4"/>
      </class>
      <line num="14" type="method" name="authorize" visibility="public" complexity="1" crap="1" count="10"/>
      <line num="16" type="stmt" count="10"/>
      <line num="24" type="method" name="rules" visibility="public" complexity="1" crap="1" count="18"/>
      <line num="27" type="stmt" count="18"/>
      <metrics loc="37" ncloc="27" classes="1" methods="2" coveredmethods="2" conditionals="0" coveredconditionals="0" statements="2" coveredstatements="2" elements="4" coveredelements="4"/>
    </file>
    <file name="C:\Users\Felipe\Documents\Projects\finance-control\app\Http\Requests\Earning\EarningUpdateRequest.php">
      <class name="App\Http\Requests\Earning\EarningUpdateRequest" namespace="global">
        <metrics complexity="2" methods="2" coveredmethods="2" conditionals="0" coveredconditionals="0" statements="2" coveredstatements="2" elements="4" coveredelements="4"/>
      </class>
      <line num="14" type="method" name="authorize" visibility="public" complexity="1" crap="1" count="12"/>
      <line num="16" type="stmt" count="12"/>
      <line num="24" type="method" name="rules" visibility="public" complexity="1" crap="1" count="18"/>
      <line num="27" type="stmt" count="18"/>
      <metrics loc="37" ncloc="27" classes="1" methods="2" coveredmethods="2" conditionals="0" coveredconditionals="0" statements="2" coveredstatements="2" elements="4" coveredelements="4"/>
    </file>
    <file name="C:\Users\Felipe\Documents\Projects\finance-control\app\Http\Requests\Recurring\DetachRecurringTagsRequest.php">
      <class name="App\Http\Requests\Recurring\DetachRecurringTagsRequest" namespace="global">
        <metrics complexity="2" methods="2" coveredmethods="2" conditionals="0" coveredconditionals="0" statements="2" coveredstatements="2" elements="4" coveredelements="4"/>
      </class>
      <line num="14" type="method" name="authorize" visibility="public" complexity="1" crap="1" count="5"/>
      <line num="16" type="stmt" count="5"/>
      <line num="24" type="method" name="rules" visibility="public" complexity="1" crap="1" count="5"/>
      <line num="27" type="stmt" count="5"/>
      <metrics loc="32" ncloc="22" classes="1" methods="2" coveredmethods="2" conditionals="0" coveredconditionals="0" statements="2" coveredstatements="2" elements="4" coveredelements="4"/>
    </file>
    <file name="C:\Users\Felipe\Documents\Projects\finance-control\app\Http\Requests\Recurring\RecurringStoreRequest.php">
      <class name="App\Http\Requests\Recurring\RecurringStoreRequest" namespace="global">
        <metrics complexity="2" methods="2" coveredmethods="2" conditionals="0" coveredconditionals="0" statements="2" coveredstatements="2" elements="4" coveredelements="4"/>
      </class>
      <line num="14" type="method" name="authorize" visibility="public" complexity="1" crap="1" count="10"/>
      <line num="16" type="stmt" count="10"/>
      <line num="24" type="method" name="rules" visibility="public" complexity="1" crap="1" count="21"/>
      <line num="27" type="stmt" count="21"/>
      <metrics loc="41" ncloc="31" classes="1" methods="2" coveredmethods="2" conditionals="0" coveredconditionals="0" statements="2" coveredstatements="2" elements="4" coveredelements="4"/>
    </file>
    <file name="C:\Users\Felipe\Documents\Projects\finance-control\app\Http\Requests\Recurring\RecurringUpdateRequest.php">
      <class name="App\Http\Requests\Recurring\RecurringUpdateRequest" namespace="global">
        <metrics complexity="2" methods="2" coveredmethods="2" conditionals="0" coveredconditionals="0" statements="2" coveredstatements="2" elements="4" coveredelements="4"/>
      </class>
      <line num="14" type="method" name="authorize" visibility="public" complexity="1" crap="1" count="12"/>
      <line num="16" type="stmt" count="12"/>
      <line num="24" type="method" name="rules" visibility="public" complexity="1" crap="1" count="21"/>
      <line num="27" type="stmt" count="21"/>
      <metrics loc="41" ncloc="31" classes="1" methods="2" coveredmethods="2" conditionals="0" coveredconditionals="0" statements="2" coveredstatements="2" elements="4" coveredelements="4"/>
    </file>
    <file name="C:\Users\Felipe\Documents\Projects\finance-control\app\Http\Requests\Space\DetachSpaceTagsRequest.php">
      <class name="App\Http\Requests\Space\DetachSpaceTagsRequest" namespace="global">
        <metrics complexity="2" methods="2" coveredmethods="2" conditionals="0" coveredconditionals="0" statements="2" coveredstatements="2" elements="4" coveredelements="4"/>
      </class>
      <line num="14" type="method" name="authorize" visibility="public" complexity="1" crap="1" count="5"/>
      <line num="16" type="stmt" count="5"/>
      <line num="24" type="method" name="rules" visibility="public" complexity="1" crap="1" count="5"/>
      <line num="27" type="stmt" count="5"/>
      <metrics loc="32" ncloc="22" classes="1" methods="2" coveredmethods="2" conditionals="0" coveredconditionals="0" statements="2" coveredstatements="2" elements="4" coveredelements="4"/>
    </file>
    <file name="C:\Users\Felipe\Documents\Projects\finance-control\app\Http\Requests\Space\SpaceStoreRequest.php">
      <class name="App\Http\Requests\Space\SpaceStoreRequest" namespace="global">
        <metrics complexity="2" methods="2" coveredmethods="2" conditionals="0" coveredconditionals="0" statements="2" coveredstatements="2" elements="4" coveredelements="4"/>
      </class>
      <line num="14" type="method" name="authorize" visibility="public" complexity="1" crap="1" count="7"/>
      <line num="16" type="stmt" count="7"/>
      <line num="24" type="method" name="rules" visibility="public" complexity="1" crap="1" count="13"/>
      <line num="27" type="stmt" count="13"/>
      <metrics loc="34" ncloc="24" classes="1" methods="2" coveredmethods="2" conditionals="0" coveredconditionals="0" statements="2" coveredstatements="2" elements="4" coveredelements="4"/>
    </file>
    <file name="C:\Users\Felipe\Documents\Projects\finance-control\app\Http\Requests\Space\SpaceUpdateRequest.php">
      <class name="App\Http\Requests\Space\SpaceUpdateRequest" namespace="global">
        <metrics complexity="2" methods="2" coveredmethods="2" conditionals="0" coveredconditionals="0" statements="2" coveredstatements="2" elements="4" coveredelements="4"/>
      </class>
      <line num="14" type="method" name="authorize" visibility="public" complexity="1" crap="1" count="9"/>
      <line num="16" type="stmt" count="9"/>
      <line num="24" type="method" name="rules" visibility="public" complexity="1" crap="1" count="13"/>
      <line num="27" type="stmt" count="13"/>
      <metrics loc="34" ncloc="24" classes="1" methods="2" coveredmethods="2" conditionals="0" coveredconditionals="0" statements="2" coveredstatements="2" elements="4" coveredelements="4"/>
    </file>
    <file name="C:\Users\Felipe\Documents\Projects\finance-control\app\Http\Requests\Spending\DetachSpendingTagsRequest.php">
      <class name="App\Http\Requests\Spending\DetachSpendingTagsRequest" namespace="global">
        <metrics complexity="2" methods="2" coveredmethods="2" conditionals="0" coveredconditionals="0" statements="2" coveredstatements="2" elements="4" coveredelements="4"/>
      </class>
      <line num="14" type="method" name="authorize" visibility="public" complexity="1" crap="1" count="5"/>
      <line num="16" type="stmt" count="5"/>
      <line num="24" type="method" name="rules" visibility="public" complexity="1" crap="1" count="5"/>
      <line num="27" type="stmt" count="5"/>
      <metrics loc="32" ncloc="22" classes="1" methods="2" coveredmethods="2" conditionals="0" coveredconditionals="0" statements="2" coveredstatements="2" elements="4" coveredelements="4"/>
    </file>
    <file name="C:\Users\Felipe\Documents\Projects\finance-control\app\Http\Requests\Spending\SpendingStoreRequest.php">
      <class name="App\Http\Requests\Spending\SpendingStoreRequest" namespace="global">
        <metrics complexity="2" methods="2" coveredmethods="2" conditionals="0" coveredconditionals="0" statements="2" coveredstatements="2" elements="4" coveredelements="4"/>
      </class>
      <line num="14" type="method" name="authorize" visibility="public" complexity="1" crap="1" count="10"/>
      <line num="16" type="stmt" count="10"/>
      <line num="24" type="method" name="rules" visibility="public" complexity="1" crap="1" count="18"/>
      <line num="27" type="stmt" count="18"/>
      <metrics loc="37" ncloc="27" classes="1" methods="2" coveredmethods="2" conditionals="0" coveredconditionals="0" statements="2" coveredstatements="2" elements="4" coveredelements="4"/>
    </file>
    <file name="C:\Users\Felipe\Documents\Projects\finance-control\app\Http\Requests\Spending\SpendingUpdateRequest.php">
      <class name="App\Http\Requests\Spending\SpendingUpdateRequest" namespace="global">
        <metrics complexity="2" methods="2" coveredmethods="2" conditionals="0" coveredconditionals="0" statements="2" coveredstatements="2" elements="4" coveredelements="4"/>
      </class>
      <line num="14" type="method" name="authorize" visibility="public" complexity="1" crap="1" count="12"/>
      <line num="16" type="stmt" count="12"/>
      <line num="24" type="method" name="rules" visibility="public" complexity="1" crap="1" count="18"/>
      <line num="27" type="stmt" count="18"/>
      <metrics loc="37" ncloc="27" classes="1" methods="2" coveredmethods="2" conditionals="0" coveredconditionals="0" statements="2" coveredstatements="2" elements="4" coveredelements="4"/>
    </file>
    <file name="C:\Users\Felipe\Documents\Projects\finance-control\app\Http\Requests\Tag\TagStoreRequest.php">
      <class name="App\Http\Requests\Tag\TagStoreRequest" namespace="global">
        <metrics complexity="2" methods="2" coveredmethods="2" conditionals="0" coveredconditionals="0" statements="2" coveredstatements="2" elements="4" coveredelements="4"/>
      </class>
      <line num="14" type="method" name="authorize" visibility="public" complexity="1" crap="1" count="5"/>
      <line num="16" type="stmt" count="5"/>
      <line num="24" type="method" name="rules" visibility="public" complexity="1" crap="1" count="5"/>
      <line num="27" type="stmt" count="5"/>
      <metrics loc="32" ncloc="22" classes="1" methods="2" coveredmethods="2" conditionals="0" coveredconditionals="0" statements="2" coveredstatements="2" elements="4" coveredelements="4"/>
    </file>
    <file name="C:\Users\Felipe\Documents\Projects\finance-control\app\Http\Requests\Tag\TagUpdateRequest.php">
      <class name="App\Http\Requests\Tag\TagUpdateRequest" namespace="global">
        <metrics complexity="2" methods="2" coveredmethods="2" conditionals="0" coveredconditionals="0" statements="2" coveredstatements="2" elements="4" coveredelements="4"/>
      </class>
      <line num="14" type="method" name="authorize" visibility="public" complexity="1" crap="1" count="7"/>
      <line num="16" type="stmt" count="7"/>
      <line num="24" type="method" name="rules" visibility="public" complexity="1" crap="1" count="7"/>
      <line num="27" type="stmt" count="7"/>
      <metrics loc="32" ncloc="22" classes="1" methods="2" coveredmethods="2" conditionals="0" coveredconditionals="0" statements="2" coveredstatements="2" elements="4" coveredelements="4"/>
    </file>
    <file name="C:\Users\Felipe\Documents\Projects\finance-control\app\Http\Requests\User\UserUpdateRequest.php">
      <class name="App\Http\Requests\User\UserUpdateRequest" namespace="global">
        <metrics complexity="3" methods="3" coveredmethods="3" conditionals="0" coveredconditionals="0" statements="4" coveredstatements="4" elements="7" coveredelements="7"/>
      </class>
      <line num="14" type="method" name="authorize" visibility="public" complexity="1" crap="1" count="7"/>
      <line num="16" type="stmt" count="7"/>
      <line num="24" type="method" name="rules" visibility="public" complexity="1" crap="1" count="12"/>
      <line num="27" type="stmt" count="12"/>
      <line num="40" type="method" name="prepareForValidation" visibility="public" complexity="1" crap="1" count="7"/>
      <line num="42" type="stmt" count="7"/>
      <line num="43" type="stmt" count="7"/>
      <metrics loc="47" ncloc="32" classes="1" methods="3" coveredmethods="3" conditionals="0" coveredconditionals="0" statements="4" coveredstatements="4" elements="7" coveredelements="7"/>
    </file>
    <file name="C:\Users\Felipe\Documents\Projects\finance-control\app\Http\Resources\ActivityResource.php">
      <class name="App\Http\Resources\ActivityResource" namespace="global">
        <metrics complexity="1" methods="1" coveredmethods="1" conditionals="0" coveredconditionals="0" statements="5" coveredstatements="5" elements="6" coveredelements="6"/>
      </class>
      <line num="29" type="method" name="toArray" visibility="public" complexity="1" crap="1" count="7"/>
      <line num="31" type="stmt" count="7"/>
      <line num="34" type="stmt" count="7"/>
      <line num="35" type="stmt" count="7"/>
      <line num="36" type="stmt" count="7"/>
      <line num="37" type="stmt" count="7"/>
      <metrics loc="41" ncloc="30" classes="1" methods="1" coveredmethods="1" conditionals="0" coveredconditionals="0" statements="5" coveredstatements="5" elements="6" coveredelements="6"/>
    </file>
    <file name="C:\Users\Felipe\Documents\Projects\finance-control\app\Http\Resources\CategoryResource.php">
      <class name="App\Http\Resources\CategoryResource" namespace="global">
        <metrics complexity="1" methods="1" coveredmethods="1" conditionals="0" coveredconditionals="0" statements="10" coveredstatements="10" elements="11" coveredelements="11"/>
      </class>
      <line num="15" type="method" name="toArray" visibility="public" complexity="1" crap="1" count="29"/>
      <line num="18" type="stmt" count="29"/>
      <line num="19" type="stmt" count="29"/>
      <line num="20" type="stmt" count="29"/>
      <line num="21" type="stmt" count="29"/>
      <line num="22" type="stmt" count="29"/>
      <line num="23" type="stmt" count="29"/>
      <line num="24" type="stmt" count="29"/>
      <line num="25" type="stmt" count="29"/>
      <line num="26" type="stmt" count="29"/>
      <line num="27" type="stmt" count="29"/>
      <metrics loc="31" ncloc="25" classes="1" methods="1" coveredmethods="1" conditionals="0" coveredconditionals="0" statements="10" coveredstatements="10" elements="11" coveredelements="11"/>
    </file>
    <file name="C:\Users\Felipe\Documents\Projects\finance-control\app\Http\Resources\CurrencyResource.php">
      <class name="App\Http\Resources\CurrencyResource" namespace="global">
        <metrics complexity="1" methods="1" coveredmethods="1" conditionals="0" coveredconditionals="0" statements="1" coveredstatements="1" elements="2" coveredelements="2"/>
      </class>
      <line num="15" type="method" name="toArray" visibility="public" complexity="1" crap="1" count="106"/>
      <line num="17" type="stmt" count="106"/>
      <metrics loc="20" ncloc="14" classes="1" methods="1" coveredmethods="1" conditionals="0" coveredconditionals="0" statements="1" coveredstatements="1" elements="2" coveredelements="2"/>
    </file>
    <file name="C:\Users\Felipe\Documents\Projects\finance-control\app\Http\Resources\EarningResource.php">
      <class name="App\Http\Resources\EarningResource" namespace="global">
        <metrics complexity="1" methods="1" coveredmethods="1" conditionals="0" coveredconditionals="0" statements="10" coveredstatements="10" elements="11" coveredelements="11"/>
      </class>
      <line num="15" type="method" name="toArray" visibility="public" complexity="1" crap="1" count="28"/>
      <line num="18" type="stmt" count="28"/>
      <line num="19" type="stmt" count="28"/>
      <line num="20" type="stmt" count="28"/>
      <line num="21" type="stmt" count="28"/>
      <line num="22" type="stmt" count="28"/>
      <line num="23" type="stmt" count="28"/>
      <line num="24" type="stmt" count="28"/>
      <line num="25" type="stmt" count="28"/>
      <line num="26" type="stmt" count="28"/>
      <line num="27" type="stmt" count="28"/>
      <metrics loc="31" ncloc="25" classes="1" methods="1" coveredmethods="1" conditionals="0" coveredconditionals="0" statements="10" coveredstatements="10" elements="11" coveredelements="11"/>
    </file>
    <file name="C:\Users\Felipe\Documents\Projects\finance-control\app\Http\Resources\ImportResource.php">
      <class name="App\Http\Resources\ImportResource" namespace="global">
        <metrics complexity="1" methods="1" coveredmethods="0" conditionals="0" coveredconditionals="0" statements="1" coveredstatements="0" elements="2" coveredelements="0"/>
      </class>
      <line num="15" type="method" name="toArray" visibility="public" complexity="1" crap="2" count="0"/>
      <line num="17" type="stmt" count="0"/>
      <metrics loc="20" ncloc="14" classes="1" methods="1" coveredmethods="0" conditionals="0" coveredconditionals="0" statements="1" coveredstatements="0" elements="2" coveredelements="0"/>
    </file>
    <file name="C:\Users\Felipe\Documents\Projects\finance-control\app\Http\Resources\RecurringResource.php">
      <class name="App\Http\Resources\RecurringResource" namespace="global">
        <metrics complexity="1" methods="1" coveredmethods="1" conditionals="0" coveredconditionals="0" statements="17" coveredstatements="17" elements="18" coveredelements="18"/>
      </class>
      <line num="15" type="method" name="toArray" visibility="public" complexity="1" crap="1" count="32"/>
      <line num="18" type="stmt" count="32"/>
      <line num="19" type="stmt" count="32"/>
      <line num="20" type="stmt" count="32"/>
      <line num="21" type="stmt" count="32"/>
      <line num="22" type="stmt" count="32"/>
      <line num="23" type="stmt" count="32"/>
      <line num="24" type="stmt" count="32"/>
      <line num="25" type="stmt" count="32"/>
      <line num="26" type="stmt" count="32"/>
      <line num="27" type="stmt" count="32"/>
      <line num="28" type="stmt" count="32"/>
      <line num="29" type="stmt" count="32"/>
      <line num="30" type="stmt" count="32"/>
      <line num="31" type="stmt" count="32"/>
      <line num="32" type="stmt" count="32"/>
      <line num="33" type="stmt" count="32"/>
      <line num="34" type="stmt" count="32"/>
      <metrics loc="38" ncloc="32" classes="1" methods="1" coveredmethods="1" conditionals="0" coveredconditionals="0" statements="17" coveredstatements="17" elements="18" coveredelements="18"/>
    </file>
    <file name="C:\Users\Felipe\Documents\Projects\finance-control\app\Http\Resources\SpaceResource.php">
      <class name="App\Http\Resources\SpaceResource" namespace="global">
        <metrics complexity="1" methods="1" coveredmethods="1" conditionals="0" coveredconditionals="0" statements="17" coveredstatements="17" elements="18" coveredelements="18"/>
      </class>
      <line num="15" type="method" name="toArray" visibility="public" complexity="1" crap="1" count="98"/>
      <line num="18" type="stmt" count="98"/>
      <line num="19" type="stmt" count="98"/>
      <line num="20" type="stmt" count="98"/>
      <line num="21" type="stmt" count="98"/>
      <line num="22" type="stmt" count="98"/>
      <line num="23" type="stmt" count="98"/>
      <line num="24" type="stmt" count="98"/>
      <line num="25" type="stmt" count="98"/>
      <line num="26" type="stmt" count="98"/>
      <line num="27" type="stmt" count="98"/>
      <line num="28" type="stmt" count="98"/>
      <line num="29" type="stmt" count="98"/>
      <line num="30" type="stmt" count="98"/>
      <line num="31" type="stmt" count="98"/>
      <line num="32" type="stmt" count="98"/>
      <line num="33" type="stmt" count="98"/>
      <line num="34" type="stmt" count="98"/>
      <metrics loc="38" ncloc="32" classes="1" methods="1" coveredmethods="1" conditionals="0" coveredconditionals="0" statements="17" coveredstatements="17" elements="18" coveredelements="18"/>
    </file>
    <file name="C:\Users\Felipe\Documents\Projects\finance-control\app\Http\Resources\SpendingResource.php">
      <class name="App\Http\Resources\SpendingResource" namespace="global">
        <metrics complexity="1" methods="1" coveredmethods="1" conditionals="0" coveredconditionals="0" statements="11" coveredstatements="11" elements="12" coveredelements="12"/>
      </class>
      <line num="15" type="method" name="toArray" visibility="public" complexity="1" crap="1" count="26"/>
      <line num="18" type="stmt" count="26"/>
      <line num="19" type="stmt" count="26"/>
      <line num="20" type="stmt" count="26"/>
      <line num="21" type="stmt" count="26"/>
      <line num="22" type="stmt" count="26"/>
      <line num="23" type="stmt" count="26"/>
      <line num="24" type="stmt" count="26"/>
      <line num="25" type="stmt" count="26"/>
      <line num="26" type="stmt" count="26"/>
      <line num="27" type="stmt" count="26"/>
      <line num="28" type="stmt" count="26"/>
      <metrics loc="32" ncloc="26" classes="1" methods="1" coveredmethods="1" conditionals="0" coveredconditionals="0" statements="11" coveredstatements="11" elements="12" coveredelements="12"/>
    </file>
    <file name="C:\Users\Felipe\Documents\Projects\finance-control\app\Http\Resources\TagResource.php">
      <class name="App\Http\Resources\TagResource" namespace="global">
        <metrics complexity="1" methods="1" coveredmethods="1" conditionals="0" coveredconditionals="0" statements="6" coveredstatements="6" elements="7" coveredelements="7"/>
      </class>
      <line num="15" type="method" name="toArray" visibility="public" complexity="1" crap="1" count="41"/>
      <line num="18" type="stmt" count="41"/>
      <line num="19" type="stmt" count="41"/>
      <line num="20" type="stmt" count="41"/>
      <line num="21" type="stmt" count="41"/>
      <line num="22" type="stmt" count="41"/>
      <line num="23" type="stmt" count="41"/>
      <metrics loc="27" ncloc="21" classes="1" methods="1" coveredmethods="1" conditionals="0" coveredconditionals="0" statements="6" coveredstatements="6" elements="7" coveredelements="7"/>
    </file>
    <file name="C:\Users\Felipe\Documents\Projects\finance-control\app\Http\Resources\UserResource.php">
      <class name="App\Http\Resources\UserResource" namespace="global">
        <metrics complexity="1" methods="1" coveredmethods="1" conditionals="0" coveredconditionals="0" statements="7" coveredstatements="7" elements="8" coveredelements="8"/>
      </class>
      <line num="15" type="method" name="toArray" visibility="public" complexity="1" crap="1" count="10"/>
      <line num="18" type="stmt" count="10"/>
      <line num="19" type="stmt" count="10"/>
      <line num="20" type="stmt" count="10"/>
      <line num="21" type="stmt" count="10"/>
      <line num="22" type="stmt" count="10"/>
      <line num="23" type="stmt" count="10"/>
      <line num="24" type="stmt" count="10"/>
      <metrics loc="28" ncloc="22" classes="1" methods="1" coveredmethods="1" conditionals="0" coveredconditionals="0" statements="7" coveredstatements="7" elements="8" coveredelements="8"/>
    </file>
    <file name="C:\Users\Felipe\Documents\Projects\finance-control\app\Jobs\PasswordChangedJob.php">
      <class name="App\Jobs\PasswordChangedJob" namespace="global">
        <metrics complexity="2" methods="2" coveredmethods="2" conditionals="0" coveredconditionals="0" statements="2" coveredstatements="2" elements="4" coveredelements="4"/>
      </class>
      <line num="33" type="method" name="__construct" visibility="public" complexity="1" crap="1" count="6"/>
      <line num="35" type="stmt" count="6"/>
      <line num="43" type="method" name="handle" visibility="public" complexity="1" crap="1" count="4"/>
      <line num="45" type="stmt" count="4"/>
      <metrics loc="48" ncloc="32" classes="1" methods="2" coveredmethods="2" conditionals="0" coveredconditionals="0" statements="2" coveredstatements="2" elements="4" coveredelements="4"/>
    </file>
    <file name="C:\Users\Felipe\Documents\Projects\finance-control\app\Jobs\ProcessRecurringsJob.php">
      <class name="App\Jobs\ProcessRecurringsJob" namespace="global">
[...]
    </file>
    <file name="C:\Users\Felipe\Documents\Projects\finance-control\app\Services\RecurringService.php">
      <class name="App\Services\RecurringService" namespace="global">
        <metrics complexity="26" methods="13" coveredmethods="11" conditionals="0" coveredconditionals="0" statements="48" coveredstatements="44" elements="61" coveredelements="55"/>
      </class>
      <line num="38" type="method" name="allWithFilter" visibility="public" complexity="1" crap="1" count="6"/>
      <line num="40" type="stmt" count="6"/>
      <line num="49" type="method" name="create" visibility="public" complexity="1" crap="1" count="9"/>
      <line num="51" type="stmt" count="9"/>
      <line num="53" type="stmt" count="6"/>
      <line num="63" type="method" name="update" visibility="public" complexity="1" crap="1" count="12"/>
      <line num="65" type="stmt" count="12"/>
      <line num="67" type="stmt" count="9"/>
      <line num="78" type="method" name="assertCanCreate" visibility="private" complexity="7" crap="7.12" count="9"/>
      <line num="80" type="stmt" count="9"/>
      <line num="81" type="stmt" count="9"/>
      <line num="82" type="stmt" count="9"/>
      <line num="84" type="stmt" count="9"/>
      <line num="86" type="stmt" count="8"/>
      <line num="87" type="stmt" count="8"/>
      <line num="89" type="stmt" count="7"/>
      <line num="90" type="stmt" count="0"/>
      <line num="94" type="stmt" count="7"/>
      <line num="95" type="stmt" count="7"/>
      <line num="97" type="stmt" count="7"/>
      <line num="98" type="stmt" count="7"/>
      <line num="99" type="stmt" count="1"/>
      <line num="104" type="stmt" count="6"/>
      <line num="105" type="stmt" count="0"/>
      <line num="117" type="method" name="assertCanUpdate" visibility="private" complexity="8" crap="8.12" count="12"/>
      <line num="119" type="stmt" count="12"/>
      <line num="120" type="stmt" count="12"/>
      <line num="121" type="stmt" count="12"/>
      <line num="123" type="stmt" count="12"/>
      <line num="124" type="stmt" count="7"/>
      <line num="126" type="stmt" count="6"/>
      <line num="127" type="stmt" count="0"/>
      <line num="131" type="stmt" count="11"/>
      <line num="132" type="stmt" count="7"/>
      <line num="134" type="stmt" count="7"/>
      <line num="135" type="stmt" count="7"/>
      <line num="136" type="stmt" count="1"/>
      <line num="141" type="stmt" count="10"/>
      <line num="142" type="stmt" count="7"/>
      <line num="144" type="stmt" count="6"/>
      <line num="145" type="stmt" count="0"/>
      <line num="155" type="method" name="getDueYearly" visibility="public" complexity="1" crap="1" count="5"/>
      <line num="157" type="stmt" count="5"/>
      <line num="165" type="method" name="getDueMonthly" visibility="public" complexity="1" crap="1" count="5"/>
      <line num="167" type="stmt" count="5"/>
      <line num="175" type="method" name="getDueBiweekly" visibility="public" complexity="1" crap="1" count="5"/>
      <line num="177" type="stmt" count="5"/>
      <line num="185" type="method" name="getDueWeekly" visibility="public" complexity="1" crap="1" count="5"/>
      <line num="187" type="stmt" count="5"/>
      <line num="195" type="method" name="getDueDaily" visibility="public" complexity="1" crap="1" count="5"/>
      <line num="197" type="stmt" count="5"/>
      <line num="205" type="method" name="getAllDueRecurrings" visibility="public" complexity="1" crap="1" count="5"/>
      <line num="207" type="stmt" count="5"/>
      <line num="208" type="stmt" count="5"/>
      <line num="209" type="stmt" count="5"/>
      <line num="210" type="stmt" count="5"/>
      <line num="211" type="stmt" count="5"/>
      <line num="222" type="method" name="detachTags" visibility="public" complexity="1" crap="1" count="4"/>
      <line num="224" type="stmt" count="4"/>
      <line num="234" type="method" name="updateFromJob" visibility="public" complexity="1" crap="1" count="5"/>
      <line num="236" type="stmt" count="5"/>
      <metrics loc="239" ncloc="155" classes="1" methods="13" coveredmethods="11" conditionals="0" coveredconditionals="0" statements="48" coveredstatements="44" elements="61" coveredelements="55"/>
    </file>
    <file name="C:\Users\Felipe\Documents\Projects\finance-control\app\Services\S3Service.php">
      <class name="App\Services\S3Service" namespace="global">
        <metrics complexity="11" methods="3" coveredmethods="1" conditionals="0" coveredconditionals="0" statements="12" coveredstatements="10" elements="15" coveredelements="11"/>
      </class>
      <line num="19" type="method" name="create" visibility="public" complexity="3" crap="3" count="8"/>
      <line num="21" type="stmt" count="8"/>
      <line num="22" type="stmt" count="8"/>
      <line num="23" type="stmt" count="8"/>
      <line num="34" type="method" name="delete" visibility="public" complexity="4" crap="4.25" count="5"/>
      <line num="36" type="stmt" count="5"/>
      <line num="38" type="stmt" count="5"/>
      <line num="39" type="stmt" count="5"/>
      <line num="40" type="stmt" count="0"/>
      <line num="49" type="method" name="getPath" visibility="public" complexity="4" crap="4.13" count="10"/>
      <line num="51" type="stmt" count="10"/>
      <line num="52" type="stmt" count="10"/>
      <line num="53" type="stmt" count="10"/>
      <line num="54" type="stmt" count="10"/>
      <line num="56" type="stmt" count="0"/>
      <metrics loc="59" ncloc="37" classes="1" methods="3" coveredmethods="1" conditionals="0" coveredconditionals="0" statements="12" coveredstatements="10" elements="15" coveredelements="11"/>
    </file>
    <file name="C:\Users\Felipe\Documents\Projects\finance-control\app\Services\SpaceService.php">
      <class name="App\Services\SpaceService" namespace="global">
        <metrics complexity="12" methods="6" coveredmethods="6" conditionals="0" coveredconditionals="0" statements="18" coveredstatements="18" elements="24" coveredelements="24"/>
      </class>
      <line num="28" type="method" name="allAuthUserSpacesWithFilter" visibility="public" complexity="1" crap="1" count="6"/>
      <line num="30" type="stmt" count="6"/>
      <line num="39" type="method" name="create" visibility="public" complexity="1" crap="1" count="6"/>
      <line num="41" type="stmt" count="6"/>
      <line num="43" type="stmt" count="5"/>
      <line num="53" type="method" name="update" visibility="public" complexity="1" crap="1" count="9"/>
      <line num="55" type="stmt" count="9"/>
      <line num="57" type="stmt" count="8"/>
      <line num="67" type="method" name="assertCanCreate" visibility="private" complexity="4" crap="4" count="6"/>
      <line num="69" type="stmt" count="6"/>
      <line num="71" type="stmt" count="6"/>
      <line num="72" type="stmt" count="6"/>
      <line num="74" type="stmt" count="6"/>
      <line num="75" type="stmt" count="6"/>
      <line num="76" type="stmt" count="1"/>
      <line num="89" type="method" name="assertCanUpdate" visibility="private" complexity="4" crap="4" count="9"/>
      <line num="91" type="stmt" count="9"/>
      <line num="93" type="stmt" count="9"/>
      <line num="94" type="stmt" count="6"/>
      <line num="96" type="stmt" count="6"/>
      <line num="97" type="stmt" count="6"/>
      <line num="98" type="stmt" count="1"/>
      <line num="111" type="method" name="detachTags" visibility="public" complexity="1" crap="1" count="4"/>
      <line num="113" type="stmt" count="4"/>
      <metrics loc="116" ncloc="71" classes="1" methods="6" coveredmethods="6" conditionals="0" coveredconditionals="0" statements="18" coveredstatements="18" elements="24" coveredelements="24"/>
    </file>
    <file name="C:\Users\Felipe\Documents\Projects\finance-control\app\Services\SpendingService.php">
      <class name="App\Services\SpendingService" namespace="global">
        <metrics complexity="20" methods="7" coveredmethods="7" conditionals="0" coveredconditionals="0" statements="34" coveredstatements="34" elements="41" coveredelements="41"/>
      </class>
      <line num="36" type="method" name="allWithFilter" visibility="public" complexity="1" crap="1" count="6"/>
      <line num="38" type="stmt" count="6"/>
      <line num="47" type="method" name="create" visibility="public" complexity="1" crap="1" count="9"/>
      <line num="49" type="stmt" count="9"/>
      <line num="51" type="stmt" count="6"/>
      <line num="61" type="method" name="update" visibility="public" complexity="1" crap="1" count="12"/>
      <line num="63" type="stmt" count="12"/>
      <line num="65" type="stmt" count="9"/>
      <line num="77" type="method" name="assertCanCreate" visibility="private" complexity="7" crap="7" count="9"/>
      <line num="79" type="stmt" count="9"/>
      <line num="80" type="stmt" count="9"/>
      <line num="81" type="stmt" count="9"/>
      <line num="83" type="stmt" count="9"/>
      <line num="85" type="stmt" count="9"/>
      <line num="86" type="stmt" count="7"/>
      <line num="88" type="stmt" count="7"/>
      <line num="89" type="stmt" count="7"/>
      <line num="90" type="stmt" count="1"/>
      <line num="95" type="stmt" count="8"/>
      <line num="96" type="stmt" count="1"/>
      <line num="97" type="stmt" count="7"/>
      <line num="98" type="stmt" count="1"/>
      <line num="111" type="method" name="assertCanUpdate" visibility="private" complexity="8" crap="8" count="12"/>
      <line num="113" type="stmt" count="12"/>
      <line num="114" type="stmt" count="12"/>
      <line num="116" type="stmt" count="12"/>
      <line num="117" type="stmt" count="12"/>
      <line num="119" type="stmt" count="12"/>
      <line num="121" type="stmt" count="12"/>
      <line num="122" type="stmt" count="7"/>
      <line num="124" type="stmt" count="7"/>
      <line num="125" type="stmt" count="7"/>
      <line num="126" type="stmt" count="1"/>
      <line num="131" type="stmt" count="11"/>
      <line num="132" type="stmt" count="1"/>
      <line num="133" type="stmt" count="10"/>
      <line num="134" type="stmt" count="1"/>
      <line num="145" type="method" name="detachTags" visibility="public" complexity="1" crap="1" count="4"/>
      <line num="147" type="stmt" count="4"/>
      <line num="156" type="method" name="createFromJob" visibility="public" complexity="1" crap="1" count="2"/>
      <line num="158" type="stmt" count="2"/>
      <metrics loc="161" ncloc="106" classes="1" methods="7" coveredmethods="7" conditionals="0" coveredconditionals="0" statements="34" coveredstatements="34" elements="41" coveredelements="41"/>
    </file>
    <file name="C:\Users\Felipe\Documents\Projects\finance-control\app\Services\TagService.php">
      <class name="App\Services\TagService" namespace="global">
        <metrics complexity="1" methods="1" coveredmethods="1" conditionals="0" coveredconditionals="0" statements="1" coveredstatements="1" elements="2" coveredelements="2"/>
      </class>
      <line num="25" type="method" name="allWithFilter" visibility="public" complexity="1" crap="1" count="6"/>
      <line num="27" type="stmt" count="6"/>
      <metrics loc="30" ncloc="19" classes="1" methods="1" coveredmethods="1" conditionals="0" coveredconditionals="0" statements="1" coveredstatements="1" elements="2" coveredelements="2"/>
    </file>
    <file name="C:\Users\Felipe\Documents\Projects\finance-control\app\Services\UserService.php">
      <class name="App\Services\UserService" namespace="global">
        <metrics complexity="1" methods="1" coveredmethods="1" conditionals="0" coveredconditionals="0" statements="1" coveredstatements="1" elements="2" coveredelements="2"/>
      </class>
      <line num="24" type="method" name="findByEmail" visibility="public" complexity="1" crap="1" count="6"/>
      <line num="26" type="stmt" count="6"/>
      <metrics loc="29" ncloc="18" classes="1" methods="1" coveredmethods="1" conditionals="0" coveredconditionals="0" statements="1" coveredstatements="1" elements="2" coveredelements="2"/>
    </file>
    <file name="C:\Users\Felipe\Documents\Projects\finance-control\app\Traits\HasBroadcastActivity.php">
      <class name="App\Traits\HasBroadcastActivity" namespace="global">
        <metrics complexity="3" methods="3" coveredmethods="3" conditionals="0" coveredconditionals="0" statements="3" coveredstatements="3" elements="6" coveredelements="6"/>
      </class>
      <line num="28" type="method" name="broadcastOn" visibility="public" complexity="1" crap="1" count="406"/>
      <line num="30" type="stmt" count="406"/>
      <line num="38" type="method" name="broadcastWith" visibility="public" complexity="1" crap="1" count="406"/>
      <line num="40" type="stmt" count="406"/>
      <line num="48" type="method" name="broadcastAs" visibility="public" complexity="1" crap="1" count="406"/>
      <line num="50" type="stmt" count="406"/>
      <metrics loc="53" ncloc="28" classes="1" methods="3" coveredmethods="3" conditionals="0" coveredconditionals="0" statements="3" coveredstatements="3" elements="6" coveredelements="6"/>
    </file>
    <file name="C:\Users\Felipe\Documents\Projects\finance-control\app\Traits\HasPassword.php">
      <class name="App\Traits\HasPassword" namespace="global">
        <metrics complexity="1" methods="1" coveredmethods="1" conditionals="0" coveredconditionals="0" statements="2" coveredstatements="2" elements="3" coveredelements="3"/>
      </class>
      <line num="18" type="method" name="bootHasPassword" visibility="public" complexity="1" crap="1" count="406"/>
      <line num="20" type="stmt" count="406"/>
      <line num="21" type="stmt" count="406"/>
      <metrics loc="25" ncloc="17" classes="1" methods="1" coveredmethods="1" conditionals="0" coveredconditionals="0" statements="2" coveredstatements="2" elements="3" coveredelements="3"/>
    </file>
    <file name="C:\Users\Felipe\Documents\Projects\finance-control\app\Traits\HasScopeFromUserSpace.php">
      <class name="App\Traits\HasScopeFromUserSpace" namespace="global">
        <metrics complexity="1" methods="1" coveredmethods="1" conditionals="0" coveredconditionals="0" statements="2" coveredstatements="2" elements="3" coveredelements="3"/>
      </class>
      <line num="16" type="method" name="scopeFromUserSpaces" visibility="public" complexity="1" crap="1" count="32"/>
      <line num="18" type="stmt" count="32"/>
      <line num="20" type="stmt" count="32"/>
      <metrics loc="24" ncloc="18" classes="1" methods="1" coveredmethods="1" conditionals="0" coveredconditionals="0" statements="2" coveredstatements="2" elements="3" coveredelements="3"/>
    </file>
    <file name="C:\Users\Felipe\Documents\Projects\finance-control\app\Traits\HasSlug.php">
      <class name="App\Traits\HasSlug" namespace="global">
        <metrics complexity="28" methods="14" coveredmethods="7" conditionals="0" coveredconditionals="0" statements="55" coveredstatements="44" elements="69" coveredelements="51"/>
      </class>
      <line num="32" type="method" name="bootHasSlug" visibility="protected" complexity="1" crap="1" count="406"/>
      <line num="34" type="stmt" count="406"/>
      <line num="35" type="stmt" count="406"/>
      <line num="38" type="stmt" count="406"/>
      <line num="39" type="stmt" count="221"/>
      <line num="49" type="method" name="generateSlugOnCreate" visibility="protected" complexity="2" crap="2.06" count="406"/>
      <line num="51" type="stmt" count="406"/>
      <line num="53" type="stmt" count="406"/>
      <line num="54" type="stmt" count="0"/>
      <line num="57" type="stmt" count="406"/>
      <line num="65" type="method" name="generateSlugOnUpdate" visibility="protected" complexity="2" crap="2.06" count="221"/>
      <line num="67" type="stmt" count="221"/>
      <line num="69" type="stmt" count="221"/>
      <line num="70" type="stmt" count="0"/>
      <line num="73" type="stmt" count="221"/>
      <line num="81" type="method" name="generateSlug" visibility="public" complexity="1" crap="2" count="0"/>
      <line num="83" type="stmt" count="0"/>
      <line num="85" type="stmt" count="0"/>
      <line num="93" type="method" name="createSlug" visibility="protected" complexity="1" crap="1" count="406"/>
      <line num="95" type="stmt" count="406"/>
      <line num="97" type="stmt" count="406"/>
      <line num="99" type="stmt" count="406"/>
      <line num="101" type="stmt" count="406"/>
      <line num="103" type="stmt" count="406"/>
      <line num="111" type="method" name="generateNonUniqueSlug" visibility="protected" complexity="3" crap="3" count="406"/>
      <line num="113" type="stmt" count="406"/>
      <line num="115" type="stmt" count="406"/>
      <line num="116" type="stmt" count="114"/>
      <line num="119" type="stmt" count="406"/>
      <line num="127" type="method" name="hasCustomSlugBeenUsed" visibility="protected" complexity="1" crap="1" count="406"/>
      <line num="129" type="stmt" count="406"/>
      <line num="131" type="stmt" count="406"/>
      <line num="139" type="method" name="getSlugSourceString" visibility="protected" complexity="2" crap="2.09" count="406"/>
      <line num="141" type="stmt" count="406"/>
      <line num="142" type="stmt" count="0"/>
      <line num="144" type="stmt" count="0"/>
      <line num="147" type="stmt" count="406"/>
      <line num="148" type="stmt" count="406"/>
      <line num="149" type="stmt" count="406"/>
      <line num="151" type="stmt" count="406"/>
      <line num="159" type="method" name="getSlugSourceStringFromCallable" visibility="protected" complexity="1" crap="2" count="0"/>
      <line num="161" type="stmt" count="0"/>
      <line num="170" type="method" name="makeSlugUnique" visibility="protected" complexity="3" crap="3" count="406"/>
      <line num="172" type="stmt" count="406"/>
      <line num="174" type="stmt" count="406"/>
      <line num="176" type="stmt" count="406"/>
      <line num="177" type="stmt" count="8"/>
      <line num="180" type="stmt" count="406"/>
      <line num="189" type="method" name="otherRecordExistsWithSlug" visibility="protected" complexity="3" crap="3" count="406"/>
      <line num="191" type="stmt" count="406"/>
      <line num="192" type="stmt" count="406"/>
      <line num="194" type="stmt" count="406"/>
      <line num="195" type="stmt" count="221"/>
      <line num="198" type="stmt" count="406"/>
      <line num="199" type="stmt" count="406"/>
      <line num="202" type="stmt" count="406"/>
      <line num="210" type="method" name="usesSoftDeletes" visibility="protected" complexity="1" crap="1" count="406"/>
      <line num="212" type="stmt" count="406"/>
      <line num="220" type="method" name="ensureValidSlugService" visibility="protected" complexity="5" crap="8.12" count="406"/>
      <line num="222" type="stmt" count="406"/>
      <line num="223" type="stmt" count="0"/>
      <line num="226" type="stmt" count="406"/>
      <line num="227" type="stmt" count="0"/>
      <line num="230" type="stmt" count="406"/>
      <line num="231" type="stmt" count="0"/>
      <line num="241" type="method" name="generateSubstring" visibility="protected" complexity="2" crap="2.15" count="406"/>
      <line num="243" type="stmt" count="406"/>
      <line num="244" type="stmt" count="406"/>
      <line num="247" type="stmt" count="0"/>
      <metrics loc="250" ncloc="166" classes="1" methods="14" coveredmethods="7" conditionals="0" coveredconditionals="0" statements="55" coveredstatements="44" elements="69" coveredelements="51"/>
    </file>
    <metrics files="132" loc="7652" ncloc="5042" classes="93" methods="310" coveredmethods="266" conditionals="0" coveredconditionals="0" statements="1033" coveredstatements="945" elements="1343" coveredelements="1211"/>
  </project>
</coverage>
